<testsuite tests='1' results='1' failures='0' disabled='0' errors='0' time='0.49' name='behavior.addArticle'>
  <testcase classname='behavior.addArticle' name='user can add an article' time='0.435' />
</testsuite>