<?xml version="1.0" encoding="UTF-8" ?>
<testsuite failures="0" time="0.102" errors="0" skipped="0" tests="4" name="ohtu.miniprojekti.ReferenceTest">
  <properties>
    <property name="java.runtime.name" value="OpenJDK Runtime Environment"/>
    <property name="sun.boot.library.path" value="/usr/lib/jvm/java-7-openjdk-amd64/jre/lib/amd64"/>
    <property name="java.vm.version" value="23.7-b01"/>
    <property name="user.country.format" value="FI"/>
    <property name="java.vm.vendor" value="Oracle Corporation"/>
    <property name="java.vendor.url" value="http://java.oracle.com/"/>
    <property name="path.separator" value=":"/>
    <property name="java.vm.name" value="OpenJDK 64-Bit Server VM"/>
    <property name="file.encoding.pkg" value="sun.io"/>
    <property name="user.country" value="GB"/>
    <property name="sun.java.launcher" value="SUN_STANDARD"/>
    <property name="sun.os.patch.level" value="unknown"/>
    <property name="java.vm.specification.name" value="Java Virtual Machine Specification"/>
    <property name="user.dir" value="/cs/fs/home/jonnaira/ohtu-miniprojekti/miniprojekti"/>
    <property name="java.runtime.version" value="1.7.0_15-b20"/>
    <property name="java.awt.graphicsenv" value="sun.awt.X11GraphicsEnvironment"/>
    <property name="basedir" value="/cs/fs/home/jonnaira/ohtu-miniprojekti/miniprojekti"/>
    <property name="java.endorsed.dirs" value="/usr/lib/jvm/java-7-openjdk-amd64/jre/lib/endorsed"/>
    <property name="os.arch" value="amd64"/>
    <property name="surefire.real.class.path" value="/tmp/surefirebooter7062384148641732912.jar"/>
    <property name="java.io.tmpdir" value="/tmp"/>
    <property name="line.separator" value="
"/>
    <property name="java.vm.specification.vendor" value="Oracle Corporation"/>
    <property name="os.name" value="Linux"/>
    <property name="sun.jnu.encoding" value="UTF-8"/>
    <property name="java.library.path" value="/usr/java/packages/lib/amd64:/usr/lib/jni:/lib:/usr/lib"/>
    <property name="surefire.test.class.path" value="/cs/fs/home/jonnaira/ohtu-miniprojekti/miniprojekti/target/test-classes:/cs/fs/home/jonnaira/ohtu-miniprojekti/miniprojekti/target/classes:/cs/fs/home/jonnaira/.m2/repository/javax/persistence/persistence-api/1.0/persistence-api-1.0.jar:/cs/fs/home/jonnaira/.m2/repository/org/avaje/ebeanorm/avaje-ebeanorm-server/3.1.3-SNAPSHOT/avaje-ebeanorm-server-3.1.3-SNAPSHOT.jar:/cs/fs/home/jonnaira/.m2/repository/org/avaje/ebeanorm/avaje-ebeanorm-api/3.1.1/avaje-ebeanorm-api-3.1.1.jar:/cs/fs/home/jonnaira/.m2/repository/org/avaje/ebeanorm/avaje-ebeanorm-agent/3.1.1/avaje-ebeanorm-agent-3.1.1.jar:/cs/fs/home/jonnaira/.m2/repository/org/avaje/ebeanorm/avaje-ebeanorm-mavenenhancer/3.1.1/avaje-ebeanorm-mavenenhancer-3.1.1.jar:/cs/fs/home/jonnaira/.m2/repository/org/apache/maven/maven-plugin-api/2.0/maven-plugin-api-2.0.jar:/cs/fs/home/jonnaira/.m2/repository/com/h2database/h2/1.1.115/h2-1.1.115.jar:/cs/fs/home/jonnaira/.m2/repository/org/springframework/spring-context/3.1.2.RELEASE/spring-context-3.1.2.RELEASE.jar:/cs/fs/home/jonnaira/.m2/repository/org/springframework/spring-aop/3.1.2.RELEASE/spring-aop-3.1.2.RELEASE.jar:/cs/fs/home/jonnaira/.m2/repository/aopalliance/aopalliance/1.0/aopalliance-1.0.jar:/cs/fs/home/jonnaira/.m2/repository/org/springframework/spring-beans/3.1.2.RELEASE/spring-beans-3.1.2.RELEASE.jar:/cs/fs/home/jonnaira/.m2/repository/org/springframework/spring-core/3.1.2.RELEASE/spring-core-3.1.2.RELEASE.jar:/cs/fs/home/jonnaira/.m2/repository/commons-logging/commons-logging/1.1.1/commons-logging-1.1.1.jar:/cs/fs/home/jonnaira/.m2/repository/org/springframework/spring-expression/3.1.2.RELEASE/spring-expression-3.1.2.RELEASE.jar:/cs/fs/home/jonnaira/.m2/repository/org/springframework/spring-asm/3.1.2.RELEASE/spring-asm-3.1.2.RELEASE.jar:/cs/fs/home/jonnaira/.m2/repository/org/springframework/spring-webmvc/3.1.2.RELEASE/spring-webmvc-3.1.2.RELEASE.jar:/cs/fs/home/jonnaira/.m2/repository/org/springframework/spring-context-support/3.1.2.RELEASE/spring-context-support-3.1.2.RELEASE.jar:/cs/fs/home/jonnaira/.m2/repository/org/springframework/spring-web/3.1.2.RELEASE/spring-web-3.1.2.RELEASE.jar:/cs/fs/home/jonnaira/.m2/repository/org/seleniumhq/selenium/selenium-java/2.13.0/selenium-java-2.13.0.jar:/cs/fs/home/jonnaira/.m2/repository/org/seleniumhq/selenium/selenium-android-driver/2.13.0/selenium-android-driver-2.13.0.jar:/cs/fs/home/jonnaira/.m2/repository/org/seleniumhq/selenium/selenium-remote-driver/2.13.0/selenium-remote-driver-2.13.0.jar:/cs/fs/home/jonnaira/.m2/repository/cglib/cglib-nodep/2.1_3/cglib-nodep-2.1_3.jar:/cs/fs/home/jonnaira/.m2/repository/org/json/json/20080701/json-20080701.jar:/cs/fs/home/jonnaira/.m2/repository/org/seleniumhq/selenium/selenium-chrome-driver/2.13.0/selenium-chrome-driver-2.13.0.jar:/cs/fs/home/jonnaira/.m2/repository/org/seleniumhq/selenium/selenium-htmlunit-driver/2.13.0/selenium-htmlunit-driver-2.13.0.jar:/cs/fs/home/jonnaira/.m2/repository/org/seleniumhq/selenium/selenium-api/2.13.0/selenium-api-2.13.0.jar:/cs/fs/home/jonnaira/.m2/repository/com/google/guava/guava/10.0.1/guava-10.0.1.jar:/cs/fs/home/jonnaira/.m2/repository/com/google/code/findbugs/jsr305/1.3.9/jsr305-1.3.9.jar:/cs/fs/home/jonnaira/.m2/repository/net/sourceforge/htmlunit/htmlunit/2.9/htmlunit-2.9.jar:/cs/fs/home/jonnaira/.m2/repository/xalan/xalan/2.7.1/xalan-2.7.1.jar:/cs/fs/home/jonnaira/.m2/repository/xalan/serializer/2.7.1/serializer-2.7.1.jar:/cs/fs/home/jonnaira/.m2/repository/commons-collections/commons-collections/3.2.1/commons-collections-3.2.1.jar:/cs/fs/home/jonnaira/.m2/repository/org/apache/httpcomponents/httpmime/4.1.2/httpmime-4.1.2.jar:/cs/fs/home/jonnaira/.m2/repository/commons-codec/commons-codec/1.4/commons-codec-1.4.jar:/cs/fs/home/jonnaira/.m2/repository/net/sourceforge/htmlunit/htmlunit-core-js/2.9/htmlunit-core-js-2.9.jar:/cs/fs/home/jonnaira/.m2/repository/xerces/xercesImpl/2.9.1/xercesImpl-2.9.1.jar:/cs/fs/home/jonnaira/.m2/repository/xml-apis/xml-apis/1.3.04/xml-apis-1.3.04.jar:/cs/fs/home/jonnaira/.m2/repository/net/sourceforge/nekohtml/nekohtml/1.9.15/nekohtml-1.9.15.jar:/cs/fs/home/jonnaira/.m2/repository/net/sourceforge/cssparser/cssparser/0.9.5/cssparser-0.9.5.jar:/cs/fs/home/jonnaira/.m2/repository/org/w3c/css/sac/1.3/sac-1.3.jar:/cs/fs/home/jonnaira/.m2/repository/org/apache/httpcomponents/httpclient/4.1.2/httpclient-4.1.2.jar:/cs/fs/home/jonnaira/.m2/repository/org/apache/httpcomponents/httpcore/4.1.2/httpcore-4.1.2.jar:/cs/fs/home/jonnaira/.m2/repository/org/seleniumhq/selenium/selenium-firefox-driver/2.13.0/selenium-firefox-driver-2.13.0.jar:/cs/fs/home/jonnaira/.m2/repository/commons-io/commons-io/2.0.1/commons-io-2.0.1.jar:/cs/fs/home/jonnaira/.m2/repository/org/apache/commons/commons-exec/1.1/commons-exec-1.1.jar:/cs/fs/home/jonnaira/.m2/repository/org/seleniumhq/selenium/selenium-ie-driver/2.13.0/selenium-ie-driver-2.13.0.jar:/cs/fs/home/jonnaira/.m2/repository/net/java/dev/jna/jna/3.3.0/jna-3.3.0.jar:/cs/fs/home/jonnaira/.m2/repository/org/seleniumhq/selenium/selenium-iphone-driver/2.13.0/selenium-iphone-driver-2.13.0.jar:/cs/fs/home/jonnaira/.m2/repository/org/seleniumhq/selenium/selenium-support/2.13.0/selenium-support-2.13.0.jar:/cs/fs/home/jonnaira/.m2/repository/org/eclipse/jetty/jetty-servlet/8.1.5.v20120716/jetty-servlet-8.1.5.v20120716.jar:/cs/fs/home/jonnaira/.m2/repository/org/eclipse/jetty/jetty-security/8.1.5.v20120716/jetty-security-8.1.5.v20120716.jar:/cs/fs/home/jonnaira/.m2/repository/org/eclipse/jetty/jetty-server/8.1.5.v20120716/jetty-server-8.1.5.v20120716.jar:/cs/fs/home/jonnaira/.m2/repository/org/eclipse/jetty/orbit/javax.servlet/3.0.0.v201112011016/javax.servlet-3.0.0.v201112011016.jar:/cs/fs/home/jonnaira/.m2/repository/org/eclipse/jetty/jetty-continuation/8.1.5.v20120716/jetty-continuation-8.1.5.v20120716.jar:/cs/fs/home/jonnaira/.m2/repository/org/eclipse/jetty/jetty-http/8.1.5.v20120716/jetty-http-8.1.5.v20120716.jar:/cs/fs/home/jonnaira/.m2/repository/org/eclipse/jetty/jetty-io/8.1.5.v20120716/jetty-io-8.1.5.v20120716.jar:/cs/fs/home/jonnaira/.m2/repository/org/eclipse/jetty/test-jetty-servlet/8.1.5.v20120716/test-jetty-servlet-8.1.5.v20120716.jar:/cs/fs/home/jonnaira/.m2/repository/org/eclipse/jetty/jetty-webapp/8.1.5.v20120716/jetty-webapp-8.1.5.v20120716.jar:/cs/fs/home/jonnaira/.m2/repository/org/eclipse/jetty/jetty-xml/8.1.5.v20120716/jetty-xml-8.1.5.v20120716.jar:/cs/fs/home/jonnaira/.m2/repository/org/eclipse/jetty/jetty-util/8.1.5.v20120716/jetty-util-8.1.5.v20120716.jar:/cs/fs/home/jonnaira/.m2/repository/javax/servlet/servlet-api/2.5/servlet-api-2.5.jar:/cs/fs/home/jonnaira/.m2/repository/javax/servlet/jsp/jsp-api/2.1/jsp-api-2.1.jar:/cs/fs/home/jonnaira/.m2/repository/javax/servlet/jsp/jstl/jstl-api/1.2/jstl-api-1.2.jar:/cs/fs/home/jonnaira/.m2/repository/jstl/jstl/1.2/jstl-1.2.jar:/cs/fs/home/jonnaira/.m2/repository/junit/junit/4.10/junit-4.10.jar:/cs/fs/home/jonnaira/.m2/repository/org/hamcrest/hamcrest-core/1.1/hamcrest-core-1.1.jar:/cs/fs/home/jonnaira/.m2/repository/org/easyb/easyb-core/1.5/easyb-core-1.5.jar:/cs/fs/home/jonnaira/.m2/repository/org/codehaus/groovy/groovy-all/1.7.10/groovy-all-1.7.10.jar:/cs/fs/home/jonnaira/.m2/repository/commons-cli/commons-cli/1.2/commons-cli-1.2.jar:/cs/fs/home/jonnaira/.m2/repository/commons-lang/commons-lang/2.5/commons-lang-2.5.jar:/cs/fs/home/jonnaira/.m2/repository/ant/ant/1.6.5/ant-1.6.5.jar:/cs/fs/home/jonnaira/.m2/repository/javax/validation/validation-api/1.0.0.GA/validation-api-1.0.0.GA.jar:/cs/fs/home/jonnaira/.m2/repository/org/xerial/sqlite-jdbc/3.7.2/sqlite-jdbc-3.7.2.jar:"/>
    <property name="java.specification.name" value="Java Platform API Specification"/>
    <property name="java.class.version" value="51.0"/>
    <property name="sun.management.compiler" value="HotSpot 64-Bit Tiered Compilers"/>
    <property name="os.version" value="3.2.0-40-generic"/>
    <property name="user.home" value="/cs/fs/home/jonnaira"/>
    <property name="user.timezone" value=""/>
    <property name="java.awt.printerjob" value="sun.print.PSPrinterJob"/>
    <property name="java.specification.version" value="1.7"/>
    <property name="file.encoding" value="UTF-8"/>
    <property name="user.name" value="jonnaira"/>
    <property name="java.class.path" value="/cs/fs/home/jonnaira/ohtu-miniprojekti/miniprojekti/target/test-classes:/cs/fs/home/jonnaira/ohtu-miniprojekti/miniprojekti/target/classes:/cs/fs/home/jonnaira/.m2/repository/javax/persistence/persistence-api/1.0/persistence-api-1.0.jar:/cs/fs/home/jonnaira/.m2/repository/org/avaje/ebeanorm/avaje-ebeanorm-server/3.1.3-SNAPSHOT/avaje-ebeanorm-server-3.1.3-SNAPSHOT.jar:/cs/fs/home/jonnaira/.m2/repository/org/avaje/ebeanorm/avaje-ebeanorm-api/3.1.1/avaje-ebeanorm-api-3.1.1.jar:/cs/fs/home/jonnaira/.m2/repository/org/avaje/ebeanorm/avaje-ebeanorm-agent/3.1.1/avaje-ebeanorm-agent-3.1.1.jar:/cs/fs/home/jonnaira/.m2/repository/org/avaje/ebeanorm/avaje-ebeanorm-mavenenhancer/3.1.1/avaje-ebeanorm-mavenenhancer-3.1.1.jar:/cs/fs/home/jonnaira/.m2/repository/org/apache/maven/maven-plugin-api/2.0/maven-plugin-api-2.0.jar:/cs/fs/home/jonnaira/.m2/repository/com/h2database/h2/1.1.115/h2-1.1.115.jar:/cs/fs/home/jonnaira/.m2/repository/org/springframework/spring-context/3.1.2.RELEASE/spring-context-3.1.2.RELEASE.jar:/cs/fs/home/jonnaira/.m2/repository/org/springframework/spring-aop/3.1.2.RELEASE/spring-aop-3.1.2.RELEASE.jar:/cs/fs/home/jonnaira/.m2/repository/aopalliance/aopalliance/1.0/aopalliance-1.0.jar:/cs/fs/home/jonnaira/.m2/repository/org/springframework/spring-beans/3.1.2.RELEASE/spring-beans-3.1.2.RELEASE.jar:/cs/fs/home/jonnaira/.m2/repository/org/springframework/spring-core/3.1.2.RELEASE/spring-core-3.1.2.RELEASE.jar:/cs/fs/home/jonnaira/.m2/repository/commons-logging/commons-logging/1.1.1/commons-logging-1.1.1.jar:/cs/fs/home/jonnaira/.m2/repository/org/springframework/spring-expression/3.1.2.RELEASE/spring-expression-3.1.2.RELEASE.jar:/cs/fs/home/jonnaira/.m2/repository/org/springframework/spring-asm/3.1.2.RELEASE/spring-asm-3.1.2.RELEASE.jar:/cs/fs/home/jonnaira/.m2/repository/org/springframework/spring-webmvc/3.1.2.RELEASE/spring-webmvc-3.1.2.RELEASE.jar:/cs/fs/home/jonnaira/.m2/repository/org/springframework/spring-context-support/3.1.2.RELEASE/spring-context-support-3.1.2.RELEASE.jar:/cs/fs/home/jonnaira/.m2/repository/org/springframework/spring-web/3.1.2.RELEASE/spring-web-3.1.2.RELEASE.jar:/cs/fs/home/jonnaira/.m2/repository/org/seleniumhq/selenium/selenium-java/2.13.0/selenium-java-2.13.0.jar:/cs/fs/home/jonnaira/.m2/repository/org/seleniumhq/selenium/selenium-android-driver/2.13.0/selenium-android-driver-2.13.0.jar:/cs/fs/home/jonnaira/.m2/repository/org/seleniumhq/selenium/selenium-remote-driver/2.13.0/selenium-remote-driver-2.13.0.jar:/cs/fs/home/jonnaira/.m2/repository/cglib/cglib-nodep/2.1_3/cglib-nodep-2.1_3.jar:/cs/fs/home/jonnaira/.m2/repository/org/json/json/20080701/json-20080701.jar:/cs/fs/home/jonnaira/.m2/repository/org/seleniumhq/selenium/selenium-chrome-driver/2.13.0/selenium-chrome-driver-2.13.0.jar:/cs/fs/home/jonnaira/.m2/repository/org/seleniumhq/selenium/selenium-htmlunit-driver/2.13.0/selenium-htmlunit-driver-2.13.0.jar:/cs/fs/home/jonnaira/.m2/repository/org/seleniumhq/selenium/selenium-api/2.13.0/selenium-api-2.13.0.jar:/cs/fs/home/jonnaira/.m2/repository/com/google/guava/guava/10.0.1/guava-10.0.1.jar:/cs/fs/home/jonnaira/.m2/repository/com/google/code/findbugs/jsr305/1.3.9/jsr305-1.3.9.jar:/cs/fs/home/jonnaira/.m2/repository/net/sourceforge/htmlunit/htmlunit/2.9/htmlunit-2.9.jar:/cs/fs/home/jonnaira/.m2/repository/xalan/xalan/2.7.1/xalan-2.7.1.jar:/cs/fs/home/jonnaira/.m2/repository/xalan/serializer/2.7.1/serializer-2.7.1.jar:/cs/fs/home/jonnaira/.m2/repository/commons-collections/commons-collections/3.2.1/commons-collections-3.2.1.jar:/cs/fs/home/jonnaira/.m2/repository/org/apache/httpcomponents/httpmime/4.1.2/httpmime-4.1.2.jar:/cs/fs/home/jonnaira/.m2/repository/commons-codec/commons-codec/1.4/commons-codec-1.4.jar:/cs/fs/home/jonnaira/.m2/repository/net/sourceforge/htmlunit/htmlunit-core-js/2.9/htmlunit-core-js-2.9.jar:/cs/fs/home/jonnaira/.m2/repository/xerces/xercesImpl/2.9.1/xercesImpl-2.9.1.jar:/cs/fs/home/jonnaira/.m2/repository/xml-apis/xml-apis/1.3.04/xml-apis-1.3.04.jar:/cs/fs/home/jonnaira/.m2/repository/net/sourceforge/nekohtml/nekohtml/1.9.15/nekohtml-1.9.15.jar:/cs/fs/home/jonnaira/.m2/repository/net/sourceforge/cssparser/cssparser/0.9.5/cssparser-0.9.5.jar:/cs/fs/home/jonnaira/.m2/repository/org/w3c/css/sac/1.3/sac-1.3.jar:/cs/fs/home/jonnaira/.m2/repository/org/apache/httpcomponents/httpclient/4.1.2/httpclient-4.1.2.jar:/cs/fs/home/jonnaira/.m2/repository/org/apache/httpcomponents/httpcore/4.1.2/httpcore-4.1.2.jar:/cs/fs/home/jonnaira/.m2/repository/org/seleniumhq/selenium/selenium-firefox-driver/2.13.0/selenium-firefox-driver-2.13.0.jar:/cs/fs/home/jonnaira/.m2/repository/commons-io/commons-io/2.0.1/commons-io-2.0.1.jar:/cs/fs/home/jonnaira/.m2/repository/org/apache/commons/commons-exec/1.1/commons-exec-1.1.jar:/cs/fs/home/jonnaira/.m2/repository/org/seleniumhq/selenium/selenium-ie-driver/2.13.0/selenium-ie-driver-2.13.0.jar:/cs/fs/home/jonnaira/.m2/repository/net/java/dev/jna/jna/3.3.0/jna-3.3.0.jar:/cs/fs/home/jonnaira/.m2/repository/org/seleniumhq/selenium/selenium-iphone-driver/2.13.0/selenium-iphone-driver-2.13.0.jar:/cs/fs/home/jonnaira/.m2/repository/org/seleniumhq/selenium/selenium-support/2.13.0/selenium-support-2.13.0.jar:/cs/fs/home/jonnaira/.m2/repository/org/eclipse/jetty/jetty-servlet/8.1.5.v20120716/jetty-servlet-8.1.5.v20120716.jar:/cs/fs/home/jonnaira/.m2/repository/org/eclipse/jetty/jetty-security/8.1.5.v20120716/jetty-security-8.1.5.v20120716.jar:/cs/fs/home/jonnaira/.m2/repository/org/eclipse/jetty/jetty-server/8.1.5.v20120716/jetty-server-8.1.5.v20120716.jar:/cs/fs/home/jonnaira/.m2/repository/org/eclipse/jetty/orbit/javax.servlet/3.0.0.v201112011016/javax.servlet-3.0.0.v201112011016.jar:/cs/fs/home/jonnaira/.m2/repository/org/eclipse/jetty/jetty-continuation/8.1.5.v20120716/jetty-continuation-8.1.5.v20120716.jar:/cs/fs/home/jonnaira/.m2/repository/org/eclipse/jetty/jetty-http/8.1.5.v20120716/jetty-http-8.1.5.v20120716.jar:/cs/fs/home/jonnaira/.m2/repository/org/eclipse/jetty/jetty-io/8.1.5.v20120716/jetty-io-8.1.5.v20120716.jar:/cs/fs/home/jonnaira/.m2/repository/org/eclipse/jetty/test-jetty-servlet/8.1.5.v20120716/test-jetty-servlet-8.1.5.v20120716.jar:/cs/fs/home/jonnaira/.m2/repository/org/eclipse/jetty/jetty-webapp/8.1.5.v20120716/jetty-webapp-8.1.5.v20120716.jar:/cs/fs/home/jonnaira/.m2/repository/org/eclipse/jetty/jetty-xml/8.1.5.v20120716/jetty-xml-8.1.5.v20120716.jar:/cs/fs/home/jonnaira/.m2/repository/org/eclipse/jetty/jetty-util/8.1.5.v20120716/jetty-util-8.1.5.v20120716.jar:/cs/fs/home/jonnaira/.m2/repository/javax/servlet/servlet-api/2.5/servlet-api-2.5.jar:/cs/fs/home/jonnaira/.m2/repository/javax/servlet/jsp/jsp-api/2.1/jsp-api-2.1.jar:/cs/fs/home/jonnaira/.m2/repository/javax/servlet/jsp/jstl/jstl-api/1.2/jstl-api-1.2.jar:/cs/fs/home/jonnaira/.m2/repository/jstl/jstl/1.2/jstl-1.2.jar:/cs/fs/home/jonnaira/.m2/repository/junit/junit/4.10/junit-4.10.jar:/cs/fs/home/jonnaira/.m2/repository/org/hamcrest/hamcrest-core/1.1/hamcrest-core-1.1.jar:/cs/fs/home/jonnaira/.m2/repository/org/easyb/easyb-core/1.5/easyb-core-1.5.jar:/cs/fs/home/jonnaira/.m2/repository/org/codehaus/groovy/groovy-all/1.7.10/groovy-all-1.7.10.jar:/cs/fs/home/jonnaira/.m2/repository/commons-cli/commons-cli/1.2/commons-cli-1.2.jar:/cs/fs/home/jonnaira/.m2/repository/commons-lang/commons-lang/2.5/commons-lang-2.5.jar:/cs/fs/home/jonnaira/.m2/repository/ant/ant/1.6.5/ant-1.6.5.jar:/cs/fs/home/jonnaira/.m2/repository/javax/validation/validation-api/1.0.0.GA/validation-api-1.0.0.GA.jar:/cs/fs/home/jonnaira/.m2/repository/org/xerial/sqlite-jdbc/3.7.2/sqlite-jdbc-3.7.2.jar:"/>
    <property name="java.vm.specification.version" value="1.7"/>
    <property name="sun.arch.data.model" value="64"/>
    <property name="java.home" value="/usr/lib/jvm/java-7-openjdk-amd64/jre"/>
    <property name="sun.java.command" value="/tmp/surefirebooter7062384148641732912.jar /tmp/surefire1434441709598794644tmp /tmp/surefire7775460939667364489tmp"/>
    <property name="java.specification.vendor" value="Oracle Corporation"/>
    <property name="user.language" value="en"/>
    <property name="user.language.format" value="fi"/>
    <property name="awt.toolkit" value="sun.awt.X11.XToolkit"/>
    <property name="java.vm.info" value="mixed mode"/>
    <property name="java.version" value="1.7.0_15"/>
    <property name="java.ext.dirs" value="/usr/lib/jvm/java-7-openjdk-amd64/jre/lib/ext:/usr/java/packages/lib/ext"/>
    <property name="sun.boot.class.path" value="/usr/lib/jvm/java-7-openjdk-amd64/jre/lib/resources.jar:/usr/lib/jvm/java-7-openjdk-amd64/jre/lib/rt.jar:/usr/lib/jvm/java-7-openjdk-amd64/jre/lib/sunrsasign.jar:/usr/lib/jvm/java-7-openjdk-amd64/jre/lib/jsse.jar:/usr/lib/jvm/java-7-openjdk-amd64/jre/lib/jce.jar:/usr/lib/jvm/java-7-openjdk-amd64/jre/lib/charsets.jar:/usr/lib/jvm/java-7-openjdk-amd64/jre/lib/netx.jar:/usr/lib/jvm/java-7-openjdk-amd64/jre/lib/plugin.jar:/usr/lib/jvm/java-7-openjdk-amd64/jre/lib/rhino.jar:/usr/lib/jvm/java-7-openjdk-amd64/jre/lib/jfr.jar:/usr/lib/jvm/java-7-openjdk-amd64/jre/classes"/>
    <property name="java.vendor" value="Oracle Corporation"/>
    <property name="localRepository" value="/cs/fs/home/jonnaira/.m2/repository"/>
    <property name="file.separator" value="/"/>
    <property name="java.vendor.url.bug" value="http://bugreport.sun.com/bugreport/"/>
    <property name="sun.cpu.endian" value="little"/>
    <property name="sun.io.unicode.encoding" value="UnicodeLittle"/>
    <property name="sun.desktop" value="gnome"/>
    <property name="jetty.port" value="8080"/>
    <property name="sun.cpu.isalist" value=""/>
  </properties>
  <testcase time="0.003" classname="ohtu.miniprojekti.ReferenceTest" name="authorSetCorrectlyWhenCreatedandNameGiven"/>
  <testcase time="0.001" classname="ohtu.miniprojekti.ReferenceTest" name="titleSetCorrectlyWhenCreatedandNameGiven"/>
  <testcase time="0" classname="ohtu.miniprojekti.ReferenceTest" name="journalSetCorrectlyWhenCreatedandNameGiven"/>
  <testcase time="0" classname="ohtu.miniprojekti.ReferenceTest" name="volumeSetCorrectlyWhenCreatedandEmptyStringGiven"/>
</testsuite>